[35m[Appium][39m Welcome to Appium v2.5.1
[35m[Appium][39m Non-default server args:
[35m[Appium][39m { basePath: [32m'/wd/hub'[39m, loglevel: [32m'info'[39m, port: [33m50376[39m }
[35m[Appium][39m Attempting to load driver uiautomator2...
[35m[Appium][39m Attempting to load driver xcuitest...
[35m[Appium][39m Appium REST http interface listener started on http://0.0.0.0:50376/wd/hub
[35m[Appium][39m You can provide the following URLs in your client code to connect to this server:
[35m[Appium][39m 	http://192.168.56.1:50376/wd/hub
[35m[Appium][39m 	http://192.168.208.39:50376/wd/hub
[35m[Appium][39m 	http://127.0.0.1:50376/wd/hub (only accessible from the same host)
[35m[Appium][39m 	http://172.27.240.1:50376/wd/hub
[35m[Appium][39m Available drivers:
[35m[Appium][39m   - uiautomator2@3.0.1 (automationName 'UiAutomator2')
[35m[Appium][39m   - xcuitest@7.1.2 (automationName 'XCUITest')
[35m[Appium][39m No plugins have been installed. Use the "appium plugin" command to install the one(s) you want to use.
[38;5;0m[HTTP][0m [37m-->[39m [37mGET[39m [37m/wd/hub/status[39m
[38;5;0m[HTTP][0m [90m{}[39m
[38;5;0m[HTTP][0m [37m<-- GET /wd/hub/status [39m[32m200[39m [90m13 ms - 110[39m
[38;5;0m[HTTP][0m [90m[39m
[38;5;0m[HTTP][0m [37m-->[39m [37mGET[39m [37m/wd/hub/status[39m
[38;5;0m[HTTP][0m [90m{}[39m
[38;5;0m[HTTP][0m [37m<-- GET /wd/hub/status [39m[32m200[39m [90m1 ms - 110[39m
[38;5;0m[HTTP][0m [90m[39m
[38;5;0m[HTTP][0m [37m-->[39m [37mPOST[39m [37m/wd/hub/session[39m
[38;5;0m[HTTP][0m [90m{"desiredCapabilities":{"appium:systemPort":8279,"appium:udid":"34594815050014D","appium:autoGrantPermissions":true,"appium:newCommandTimeout":1800,"appium:platformName":"ANDROID","appium:appActivity":".Settings","appium:deviceName":"vivo V2149 (Android 11)","platformName":"Android","appium:automationName":"uiautomator2","appium:platformVersion":"11","appium:appPackage":"com.android.settings"},"capabilities":{"firstMatch":[{"appium:appActivity":".Settings","appium:appPackage":"com.android.settings","appium:autoGrantPermissions":true,"appium:automationName":"uiautomator2","appium:deviceName":"vivo V2149 (Android 11)","appium:newCommandTimeout":1800,"appium:platformName":"ANDROID","appium:platformVersion":"11","appium:systemPort":8279,"appium:udid":"34594815050014D","platformName":"android"}]}}[39m
[38;5;32m[BaseDriver][0m Ignoring capability 'appium:platformName=ANDROID' and using capability 'platformName=android'
[38;5;32m[BaseDriver][0m The capabilities ["platformName"] are standard capabilities and do not require "appium:" prefix
[35m[Appium][39m Attempting to find matching driver for automationName 'uiautomator2' and platformName 'android'
[35m[Appium][39m The 'uiautomator2' driver was installed and matched caps.
[35m[Appium][39m Will require it at C:\Users\anant\.appium\node_modules\appium-uiautomator2-driver
[38;5;16m[AppiumDriver@2069][0m Appium v2.5.1 creating new AndroidUiautomator2Driver (v3.0.1) session
[38;5;16m[AppiumDriver@2069][0m Checking BaseDriver versions for Appium and AndroidUiautomator2Driver
[38;5;16m[AppiumDriver@2069][0m Appium's BaseDriver version is 9.5.2
[38;5;16m[AppiumDriver@2069][0m AndroidUiautomator2Driver's BaseDriver version is 9.5.2
[38;5;48m[AndroidUiautomator2Driver@f3e1 (ea47bb35)][0m Session created with session id: ea47bb35-5eeb-4209-9f71-00434d241b9c
[38;5;64m[ADB][0m Found 1 'build-tools' folders under 'C:\Users\anant\.katalon\tools\android_sdk' (newest first):
[38;5;64m[ADB][0m     C:\Users\anant\.katalon\tools\android_sdk\build-tools\29.0.3
[38;5;64m[ADB][0m Using 'adb.exe' from 'C:\Users\anant\.katalon\tools\android_sdk\platform-tools\adb.exe'
[38;5;48m[AndroidUiautomator2Driver@f3e1 (ea47bb35)][0m Retrieving device list
[38;5;48m[AndroidUiautomator2Driver@f3e1 (ea47bb35)][0m Using device: 34594815050014D
[38;5;64m[ADB][0m Using 'adb.exe' from 'C:\Users\anant\.katalon\tools\android_sdk\platform-tools\adb.exe'
[38;5;48m[AndroidUiautomator2Driver@f3e1 (ea47bb35)][0m Starting 'com.android.settings' directly on the device
[38;5;64m[ADB][0m Getting device platform version
[38;5;48m[AndroidUiautomator2Driver@f3e1 (ea47bb35)][0m Relaxing hidden api policy
[38;5;48m[AndroidUiautomator2Driver@f3e1 (ea47bb35)][0m No app sent in, not parsing package/activity
[38;5;64m[ADB][0m Using 'apksigner.jar' from 'C:\Users\anant\.katalon\tools\android_sdk\build-tools\29.0.3\lib\apksigner.jar'
[38;5;64m[ADB][0m 'C:\Users\anant\.appium\node_modules\appium-uiautomator2-driver\node_modules\appium-uiautomator2-server\apks\appium-uiautomator2-server-debug-androidTest.apk' is signed with the default certificate
[38;5;64m[ADB][0m 'C:\Users\anant\.appium\node_modules\appium-uiautomator2-driver\node_modules\appium-uiautomator2-server\apks\appium-uiautomator2-server-v7.0.1.apk' is signed with the default certificate
[38;5;48m[AndroidUiautomator2Driver@f3e1 (ea47bb35)][0m Server packages are not going to be (re)installed
[38;5;64m[ADB][0m Adding packages ["io.appium.settings","io.appium.uiautomator2.server","io.appium.uiautomator2.server.test"] to Doze whitelist
[38;5;48m[AndroidUiautomator2Driver@f3e1 (ea47bb35)][0m Starting UIAutomator2 server 7.0.1
[38;5;48m[AndroidUiautomator2Driver@f3e1 (ea47bb35)][0m Using UIAutomator2 server from 'C:\Users\anant\.appium\node_modules\appium-uiautomator2-driver\node_modules\appium-uiautomator2-server\apks\appium-uiautomator2-server-v7.0.1.apk' and test from 'C:\Users\anant\.appium\node_modules\appium-uiautomator2-driver\node_modules\appium-uiautomator2-server\apks\appium-uiautomator2-server-debug-androidTest.apk'
[38;5;48m[AndroidUiautomator2Driver@f3e1 (ea47bb35)][0m Waiting up to 30000ms for UiAutomator2 to be online...
[38;5;48m[AndroidUiautomator2Driver@f3e1 (ea47bb35)][0m socket hang up
[38;5;48m[AndroidUiautomator2Driver@f3e1 (ea47bb35)][0m socket hang up
[38;5;48m[AndroidUiautomator2Driver@f3e1 (ea47bb35)][0m socket hang up
[38;5;48m[AndroidUiautomator2Driver@f3e1 (ea47bb35)][0m socket hang up
[38;5;48m[AndroidUiautomator2Driver@f3e1 (ea47bb35)][0m socket hang up
[38;5;48m[AndroidUiautomator2Driver@f3e1 (ea47bb35)][0m Determined the downstream protocol as 'W3C'
[38;5;48m[AndroidUiautomator2Driver@f3e1 (ea47bb35)][0m Screen already unlocked, doing nothing
[38;5;48m[AndroidUiautomator2Driver@f3e1 (ea47bb35)][0m Starting 'com.android.settings/.Settings and waiting for 'com.android.settings/.Settings'
[38;5;16m[AppiumDriver@2069][0m New AndroidUiautomator2Driver session created successfully, session ea47bb35-5eeb-4209-9f71-00434d241b9c added to master session list
[38;5;0m[HTTP][0m [37m<-- POST /wd/hub/session [39m[32m200[39m [90m13459 ms - 1089[39m
[38;5;0m[HTTP][0m [90m[39m
[38;5;0m[HTTP][0m [37m-->[39m [37mGET[39m [37m/wd/hub/session/ea47bb35-5eeb-4209-9f71-00434d241b9c[39m
[38;5;0m[HTTP][0m [90m{}[39m
[38;5;0m[HTTP][0m [37m<-- GET /wd/hub/session/ea47bb35-5eeb-4209-9f71-00434d241b9c [39m[32m200[39m [90m25 ms - 310[39m
[38;5;0m[HTTP][0m [90m[39m
[38;5;0m[HTTP][0m [37m-->[39m [37mGET[39m [37m/wd/hub/session/ea47bb35-5eeb-4209-9f71-00434d241b9c[39m
[38;5;0m[HTTP][0m [90m{}[39m
[38;5;0m[HTTP][0m [37m<-- GET /wd/hub/session/ea47bb35-5eeb-4209-9f71-00434d241b9c [39m[32m200[39m [90m19 ms - 310[39m
[38;5;0m[HTTP][0m [90m[39m
[38;5;0m[HTTP][0m [37m-->[39m [37mGET[39m [37m/wd/hub/status[39m
[38;5;0m[HTTP][0m [90m{}[39m
[38;5;0m[HTTP][0m [37m<-- GET /wd/hub/status [39m[32m200[39m [90m1 ms - 110[39m
[38;5;0m[HTTP][0m [90m[39m
[38;5;0m[HTTP][0m [37m-->[39m [37mPOST[39m [37m/wd/hub/session/ea47bb35-5eeb-4209-9f71-00434d241b9c/timeouts[39m
[38;5;0m[HTTP][0m [90m{"implicit":60000}[39m
[38;5;0m[HTTP][0m [37m<-- POST /wd/hub/session/ea47bb35-5eeb-4209-9f71-00434d241b9c/timeouts [39m[32m200[39m [90m3 ms - 14[39m
[38;5;0m[HTTP][0m [90m[39m
[38;5;0m[HTTP][0m [37m-->[39m [37mGET[39m [37m/wd/hub/session/ea47bb35-5eeb-4209-9f71-00434d241b9c/appium/device/system_bars[39m
[38;5;0m[HTTP][0m [90m{}[39m
[38;5;0m[HTTP][0m [37m<-- GET /wd/hub/session/ea47bb35-5eeb-4209-9f71-00434d241b9c/appium/device/system_bars [39m[31m500[39m [90m261 ms - 684[39m
[38;5;0m[HTTP][0m [90m[39m
[38;5;0m[HTTP][0m [37m-->[39m [37mPOST[39m [37m/wd/hub/session/ea47bb35-5eeb-4209-9f71-00434d241b9c/execute/sync[39m
[38;5;0m[HTTP][0m [90m{"script":"mobile:viewportRect","args":[]}[39m
[38;5;48m[AndroidUiautomator2Driver@f3e1 (ea47bb35)][0m Executing method 'mobile: viewportRect'
[38;5;0m[HTTP][0m [37m<-- POST /wd/hub/session/ea47bb35-5eeb-4209-9f71-00434d241b9c/execute/sync [39m[32m200[39m [90m80 ms - 55[39m
[38;5;0m[HTTP][0m [90m[39m
[38;5;0m[HTTP][0m [37m-->[39m [37mPOST[39m [37m/wd/hub/session/ea47bb35-5eeb-4209-9f71-00434d241b9c/appium/device/activate_app[39m
[38;5;0m[HTTP][0m [90m{"bundleId":"io.appium.android.apis"}[39m
[38;5;0m[HTTP][0m [37m<-- POST /wd/hub/session/ea47bb35-5eeb-4209-9f71-00434d241b9c/appium/device/activate_app [39m[32m200[39m [90m318 ms - 14[39m
[38;5;0m[HTTP][0m [90m[39m
[38;5;0m[HTTP][0m [37m-->[39m [37mGET[39m [37m/wd/hub/session/ea47bb35-5eeb-4209-9f71-00434d241b9c/source[39m
[38;5;0m[HTTP][0m [90m{}[39m
[38;5;48m[AndroidUiautomator2Driver@f3e1 (ea47bb35)][0m Driver proxy active, passing request on via HTTP proxy
[38;5;48m[AndroidUiautomator2Driver@f3e1 (ea47bb35)][0m Replacing sessionId 4d3376a2-3ade-47a0-a15e-213c36a68a44 with ea47bb35-5eeb-4209-9f71-00434d241b9c
[38;5;0m[HTTP][0m [37m<-- GET /wd/hub/session/ea47bb35-5eeb-4209-9f71-00434d241b9c/source [39m[32m200[39m [90m758 ms - 1452[39m
[38;5;0m[HTTP][0m [90m[39m
[38;5;0m[HTTP][0m [37m-->[39m [37mGET[39m [37m/wd/hub/session/ea47bb35-5eeb-4209-9f71-00434d241b9c/screenshot[39m
[38;5;0m[HTTP][0m [90m{}[39m
[38;5;0m[HTTP][0m [37m<-- GET /wd/hub/session/ea47bb35-5eeb-4209-9f71-00434d241b9c/screenshot [39m[32m200[39m [90m1713 ms - 76912[39m
[38;5;0m[HTTP][0m [90m[39m
[38;5;0m[HTTP][0m [37m-->[39m [37mGET[39m [37m/wd/hub/session/ea47bb35-5eeb-4209-9f71-00434d241b9c/source[39m
[38;5;0m[HTTP][0m [90m{}[39m
[38;5;48m[AndroidUiautomator2Driver@f3e1 (ea47bb35)][0m Driver proxy active, passing request on via HTTP proxy
[38;5;48m[AndroidUiautomator2Driver@f3e1 (ea47bb35)][0m Replacing sessionId 4d3376a2-3ade-47a0-a15e-213c36a68a44 with ea47bb35-5eeb-4209-9f71-00434d241b9c
[38;5;0m[HTTP][0m [37m<-- GET /wd/hub/session/ea47bb35-5eeb-4209-9f71-00434d241b9c/source [39m[32m200[39m [90m279 ms - 8547[39m
[38;5;0m[HTTP][0m [90m[39m
[38;5;0m[HTTP][0m [37m-->[39m [37mGET[39m [37m/wd/hub/session/ea47bb35-5eeb-4209-9f71-00434d241b9c/screenshot[39m
[38;5;0m[HTTP][0m [90m{}[39m
[38;5;0m[HTTP][0m [37m<-- GET /wd/hub/session/ea47bb35-5eeb-4209-9f71-00434d241b9c/screenshot [39m[32m200[39m [90m741 ms - 77044[39m
[38;5;0m[HTTP][0m [90m[39m
[38;5;0m[HTTP][0m [37m-->[39m [37mPOST[39m [37m/wd/hub/session/ea47bb35-5eeb-4209-9f71-00434d241b9c/elements[39m
[38;5;0m[HTTP][0m [90m{"using":"xpath","value":"//*[@class = 'android.widget.TextView' and (@text = 'Preference' or . = 'Preference') and @resource-id = 'android:id/text1']"}[39m
[38;5;0m[HTTP][0m [37m<-- POST /wd/hub/session/ea47bb35-5eeb-4209-9f71-00434d241b9c/elements [39m[32m200[39m [90m1055 ms - 139[39m
[38;5;0m[HTTP][0m [90m[39m
[38;5;0m[HTTP][0m [37m-->[39m [37mGET[39m [37m/wd/hub/session/ea47bb35-5eeb-4209-9f71-00434d241b9c/window/rect[39m
[38;5;0m[HTTP][0m [90m{}[39m
[38;5;0m[HTTP][0m [37m<-- GET /wd/hub/session/ea47bb35-5eeb-4209-9f71-00434d241b9c/window/rect [39m[32m200[39m [90m39 ms - 49[39m
[38;5;0m[HTTP][0m [90m[39m
[38;5;0m[HTTP][0m [37m-->[39m [37mPOST[39m [37m/wd/hub/session/ea47bb35-5eeb-4209-9f71-00434d241b9c/elements[39m
[38;5;0m[HTTP][0m [90m{"using":"xpath","value":"//*[@class = 'android.widget.TextView' and (@text = 'Preference' or . = 'Preference') and @resource-id = 'android:id/text1']"}[39m
[38;5;0m[HTTP][0m [37m<-- POST /wd/hub/session/ea47bb35-5eeb-4209-9f71-00434d241b9c/elements [39m[32m200[39m [90m198 ms - 139[39m
[38;5;0m[HTTP][0m [90m[39m
[38;5;0m[HTTP][0m [37m-->[39m [37mGET[39m [37m/wd/hub/session/ea47bb35-5eeb-4209-9f71-00434d241b9c/element/00000000-0000-0082-ffff-ffff00000028/location[39m
[38;5;0m[HTTP][0m [90m{}[39m
[38;5;48m[AndroidUiautomator2Driver@f3e1 (ea47bb35)][0m Driver proxy active, passing request on via HTTP proxy
[38;5;48m[AndroidUiautomator2Driver@f3e1 (ea47bb35)][0m Replacing sessionId 4d3376a2-3ade-47a0-a15e-213c36a68a44 with ea47bb35-5eeb-4209-9f71-00434d241b9c
[38;5;0m[HTTP][0m [37m<-- GET /wd/hub/session/ea47bb35-5eeb-4209-9f71-00434d241b9c/element/00000000-0000-0082-ffff-ffff00000028/location [39m[32m200[39m [90m49 ms - 76[39m
[38;5;0m[HTTP][0m [90m[39m
[38;5;0m[HTTP][0m [37m-->[39m [37mPOST[39m [37m/wd/hub/session/ea47bb35-5eeb-4209-9f71-00434d241b9c/element/00000000-0000-0082-ffff-ffff00000028/click[39m
[38;5;0m[HTTP][0m [90m{"id":"00000000-0000-0082-ffff-ffff00000028"}[39m
[38;5;0m[HTTP][0m [37m<-- POST /wd/hub/session/ea47bb35-5eeb-4209-9f71-00434d241b9c/element/00000000-0000-0082-ffff-ffff00000028/click [39m[32m200[39m [90m1091 ms - 14[39m
[38;5;0m[HTTP][0m [90m[39m
[38;5;0m[HTTP][0m [37m-->[39m [37mGET[39m [37m/wd/hub/session/ea47bb35-5eeb-4209-9f71-00434d241b9c/source[39m
[38;5;0m[HTTP][0m [90m{}[39m
[38;5;48m[AndroidUiautomator2Driver@f3e1 (ea47bb35)][0m Driver proxy active, passing request on via HTTP proxy
[38;5;48m[AndroidUiautomator2Driver@f3e1 (ea47bb35)][0m Replacing sessionId 4d3376a2-3ade-47a0-a15e-213c36a68a44 with ea47bb35-5eeb-4209-9f71-00434d241b9c
[38;5;0m[HTTP][0m [37m<-- GET /wd/hub/session/ea47bb35-5eeb-4209-9f71-00434d241b9c/source [39m[32m200[39m [90m157 ms - 7431[39m
[38;5;0m[HTTP][0m [90m[39m
[38;5;0m[HTTP][0m [37m-->[39m [37mGET[39m [37m/wd/hub/session/ea47bb35-5eeb-4209-9f71-00434d241b9c/screenshot[39m
[38;5;0m[HTTP][0m [90m{}[39m
[38;5;0m[HTTP][0m [37m<-- GET /wd/hub/session/ea47bb35-5eeb-4209-9f71-00434d241b9c/screenshot [39m[32m200[39m [90m694 ms - 94688[39m
[38;5;0m[HTTP][0m [90m[39m
[38;5;0m[HTTP][0m [37m-->[39m [37mPOST[39m [37m/wd/hub/session/ea47bb35-5eeb-4209-9f71-00434d241b9c/elements[39m
[38;5;0m[HTTP][0m [90m{"using":"xpath","value":"//*[@class = 'android.widget.TextView' and (@text = '3. Preference dependencies' or . = '3. Preference dependencies') and @resource-id = 'android:id/text1']"}[39m
[38;5;0m[HTTP][0m [37m<-- POST /wd/hub/session/ea47bb35-5eeb-4209-9f71-00434d241b9c/elements [39m[32m200[39m [90m169 ms - 139[39m
[38;5;0m[HTTP][0m [90m[39m
[38;5;0m[HTTP][0m [37m-->[39m [37mGET[39m [37m/wd/hub/session/ea47bb35-5eeb-4209-9f71-00434d241b9c/window/rect[39m
[38;5;0m[HTTP][0m [90m{}[39m
[38;5;0m[HTTP][0m [37m<-- GET /wd/hub/session/ea47bb35-5eeb-4209-9f71-00434d241b9c/window/rect [39m[32m200[39m [90m34 ms - 49[39m
[38;5;0m[HTTP][0m [90m[39m
[38;5;0m[HTTP][0m [37m-->[39m [37mPOST[39m [37m/wd/hub/session/ea47bb35-5eeb-4209-9f71-00434d241b9c/elements[39m
[38;5;0m[HTTP][0m [90m{"using":"xpath","value":"//*[@class = 'android.widget.TextView' and (@text = '3. Preference dependencies' or . = '3. Preference dependencies') and @resource-id = 'android:id/text1']"}[39m
[38;5;0m[HTTP][0m [37m<-- POST /wd/hub/session/ea47bb35-5eeb-4209-9f71-00434d241b9c/elements [39m[32m200[39m [90m153 ms - 139[39m
[38;5;0m[HTTP][0m [90m[39m
[38;5;0m[HTTP][0m [37m-->[39m [37mGET[39m [37m/wd/hub/session/ea47bb35-5eeb-4209-9f71-00434d241b9c/element/00000000-0000-0085-ffff-ffff0000006d/location[39m
[38;5;0m[HTTP][0m [90m{}[39m
[38;5;48m[AndroidUiautomator2Driver@f3e1 (ea47bb35)][0m Driver proxy active, passing request on via HTTP proxy
[38;5;48m[AndroidUiautomator2Driver@f3e1 (ea47bb35)][0m Replacing sessionId 4d3376a2-3ade-47a0-a15e-213c36a68a44 with ea47bb35-5eeb-4209-9f71-00434d241b9c
[38;5;0m[HTTP][0m [37m<-- GET /wd/hub/session/ea47bb35-5eeb-4209-9f71-00434d241b9c/element/00000000-0000-0085-ffff-ffff0000006d/location [39m[32m200[39m [90m41 ms - 76[39m
[38;5;0m[HTTP][0m [90m[39m
[38;5;0m[HTTP][0m [37m-->[39m [37mPOST[39m [37m/wd/hub/session/ea47bb35-5eeb-4209-9f71-00434d241b9c/element/00000000-0000-0085-ffff-ffff0000006d/click[39m
[38;5;0m[HTTP][0m [90m{"id":"00000000-0000-0085-ffff-ffff0000006d"}[39m
[38;5;0m[HTTP][0m [37m<-- POST /wd/hub/session/ea47bb35-5eeb-4209-9f71-00434d241b9c/element/00000000-0000-0085-ffff-ffff0000006d/click [39m[32m200[39m [90m1059 ms - 14[39m
[38;5;0m[HTTP][0m [90m[39m
[38;5;0m[HTTP][0m [37m-->[39m [37mGET[39m [37m/wd/hub/session/ea47bb35-5eeb-4209-9f71-00434d241b9c/source[39m
[38;5;0m[HTTP][0m [90m{}[39m
[38;5;48m[AndroidUiautomator2Driver@f3e1 (ea47bb35)][0m Driver proxy active, passing request on via HTTP proxy
[38;5;48m[AndroidUiautomator2Driver@f3e1 (ea47bb35)][0m Replacing sessionId 4d3376a2-3ade-47a0-a15e-213c36a68a44 with ea47bb35-5eeb-4209-9f71-00434d241b9c
[38;5;0m[HTTP][0m [37m<-- GET /wd/hub/session/ea47bb35-5eeb-4209-9f71-00434d241b9c/source [39m[32m200[39m [90m180 ms - 8599[39m
[38;5;0m[HTTP][0m [90m[39m
[38;5;0m[HTTP][0m [37m-->[39m [37mGET[39m [37m/wd/hub/session/ea47bb35-5eeb-4209-9f71-00434d241b9c/screenshot[39m
[38;5;0m[HTTP][0m [90m{}[39m
[38;5;0m[HTTP][0m [37m<-- GET /wd/hub/session/ea47bb35-5eeb-4209-9f71-00434d241b9c/screenshot [39m[32m200[39m [90m707 ms - 46008[39m
[38;5;0m[HTTP][0m [90m[39m
[38;5;0m[HTTP][0m [37m-->[39m [37mPOST[39m [37m/wd/hub/session/ea47bb35-5eeb-4209-9f71-00434d241b9c/elements[39m
[38;5;0m[HTTP][0m [90m{"using":"xpath","value":"//*[@class = 'android.widget.CheckBox' and @resource-id = 'android:id/checkbox' and (@text = '' or . = '')]"}[39m
[38;5;0m[HTTP][0m [37m<-- POST /wd/hub/session/ea47bb35-5eeb-4209-9f71-00434d241b9c/elements [39m[32m200[39m [90m233 ms - 139[39m
[38;5;0m[HTTP][0m [90m[39m
[38;5;0m[HTTP][0m [37m-->[39m [37mGET[39m [37m/wd/hub/session/ea47bb35-5eeb-4209-9f71-00434d241b9c/window/rect[39m
[38;5;0m[HTTP][0m [90m{}[39m
[38;5;0m[HTTP][0m [37m<-- GET /wd/hub/session/ea47bb35-5eeb-4209-9f71-00434d241b9c/window/rect [39m[32m200[39m [90m31 ms - 49[39m
[38;5;0m[HTTP][0m [90m[39m
[38;5;0m[HTTP][0m [37m-->[39m [37mPOST[39m [37m/wd/hub/session/ea47bb35-5eeb-4209-9f71-00434d241b9c/elements[39m
[38;5;0m[HTTP][0m [90m{"using":"xpath","value":"//*[@class = 'android.widget.CheckBox' and @resource-id = 'android:id/checkbox' and (@text = '' or . = '')]"}[39m
[38;5;0m[HTTP][0m [37m<-- POST /wd/hub/session/ea47bb35-5eeb-4209-9f71-00434d241b9c/elements [39m[32m200[39m [90m179 ms - 139[39m
[38;5;0m[HTTP][0m [90m[39m
[38;5;0m[HTTP][0m [37m-->[39m [37mGET[39m [37m/wd/hub/session/ea47bb35-5eeb-4209-9f71-00434d241b9c/element/00000000-0000-0086-ffff-ffff00000090/location[39m
[38;5;0m[HTTP][0m [90m{}[39m
[38;5;48m[AndroidUiautomator2Driver@f3e1 (ea47bb35)][0m Driver proxy active, passing request on via HTTP proxy
[38;5;48m[AndroidUiautomator2Driver@f3e1 (ea47bb35)][0m Replacing sessionId 4d3376a2-3ade-47a0-a15e-213c36a68a44 with ea47bb35-5eeb-4209-9f71-00434d241b9c
[38;5;0m[HTTP][0m [37m<-- GET /wd/hub/session/ea47bb35-5eeb-4209-9f71-00434d241b9c/element/00000000-0000-0086-ffff-ffff00000090/location [39m[32m200[39m [90m43 ms - 78[39m
[38;5;0m[HTTP][0m [90m[39m
[38;5;0m[HTTP][0m [37m-->[39m [37mPOST[39m [37m/wd/hub/session/ea47bb35-5eeb-4209-9f71-00434d241b9c/element/00000000-0000-0086-ffff-ffff00000090/click[39m
[38;5;0m[HTTP][0m [90m{"id":"00000000-0000-0086-ffff-ffff00000090"}[39m
[38;5;0m[HTTP][0m [37m<-- POST /wd/hub/session/ea47bb35-5eeb-4209-9f71-00434d241b9c/element/00000000-0000-0086-ffff-ffff00000090/click [39m[32m200[39m [90m719 ms - 14[39m
[38;5;0m[HTTP][0m [90m[39m
[38;5;0m[HTTP][0m [37m-->[39m [37mGET[39m [37m/wd/hub/session/ea47bb35-5eeb-4209-9f71-00434d241b9c/source[39m
[38;5;0m[HTTP][0m [90m{}[39m
[38;5;48m[AndroidUiautomator2Driver@f3e1 (ea47bb35)][0m Driver proxy active, passing request on via HTTP proxy
[38;5;48m[AndroidUiautomator2Driver@f3e1 (ea47bb35)][0m Replacing sessionId 4d3376a2-3ade-47a0-a15e-213c36a68a44 with ea47bb35-5eeb-4209-9f71-00434d241b9c
[38;5;0m[HTTP][0m [37m<-- GET /wd/hub/session/ea47bb35-5eeb-4209-9f71-00434d241b9c/source [39m[32m200[39m [90m159 ms - 8599[39m
[38;5;0m[HTTP][0m [90m[39m
[38;5;0m[HTTP][0m [37m-->[39m [37mGET[39m [37m/wd/hub/session/ea47bb35-5eeb-4209-9f71-00434d241b9c/screenshot[39m
[38;5;0m[HTTP][0m [90m{}[39m
[38;5;0m[HTTP][0m [37m<-- GET /wd/hub/session/ea47bb35-5eeb-4209-9f71-00434d241b9c/screenshot [39m[32m200[39m [90m738 ms - 45812[39m
[38;5;0m[HTTP][0m [90m[39m
[38;5;0m[HTTP][0m [37m-->[39m [37mPOST[39m [37m/wd/hub/session/ea47bb35-5eeb-4209-9f71-00434d241b9c/elements[39m
[38;5;0m[HTTP][0m [90m{"using":"xpath","value":"//*[@class = 'android.widget.RelativeLayout' and (@text = '' or . = '')]"}[39m
[38;5;0m[HTTP][0m [37m<-- POST /wd/hub/session/ea47bb35-5eeb-4209-9f71-00434d241b9c/elements [39m[32m200[39m [90m206 ms - 267[39m
[38;5;0m[HTTP][0m [90m[39m
[38;5;0m[HTTP][0m [37m-->[39m [37mPOST[39m [37m/wd/hub/session/ea47bb35-5eeb-4209-9f71-00434d241b9c/elements[39m
[38;5;0m[HTTP][0m [90m{"using":"-android uiautomator","value":"new UiSelector().className(\"android.widget.RelativeLayout\")"}[39m
[38;5;0m[HTTP][0m [37m<-- POST /wd/hub/session/ea47bb35-5eeb-4209-9f71-00434d241b9c/elements [39m[32m200[39m [90m151 ms - 267[39m
[38;5;0m[HTTP][0m [90m[39m
[38;5;0m[HTTP][0m [37m-->[39m [37mGET[39m [37m/wd/hub/session/ea47bb35-5eeb-4209-9f71-00434d241b9c/window/rect[39m
[38;5;0m[HTTP][0m [90m{}[39m
[38;5;0m[HTTP][0m [37m<-- GET /wd/hub/session/ea47bb35-5eeb-4209-9f71-00434d241b9c/window/rect [39m[32m200[39m [90m24 ms - 49[39m
[38;5;0m[HTTP][0m [90m[39m
[38;5;0m[HTTP][0m [37m-->[39m [37mPOST[39m [37m/wd/hub/session/ea47bb35-5eeb-4209-9f71-00434d241b9c/elements[39m
[38;5;0m[HTTP][0m [90m{"using":"xpath","value":"//hierarchy/android.widget.FrameLayout[1]/android.view.ViewGroup[1]/android.widget.FrameLayout[2]/android.widget.LinearLayout[1]/android.widget.LinearLayout[1]/android.widget.LinearLayout[1]/android.widget.ListView[1]/android.widget.LinearLayout[2]/android.widget.RelativeLayout[1]"}[39m
[38;5;0m[HTTP][0m [37m<-- POST /wd/hub/session/ea47bb35-5eeb-4209-9f71-00434d241b9c/elements [39m[32m200[39m [90m127 ms - 139[39m
[38;5;0m[HTTP][0m [90m[39m
[38;5;0m[HTTP][0m [37m-->[39m [37mGET[39m [37m/wd/hub/session/ea47bb35-5eeb-4209-9f71-00434d241b9c/element/00000000-0000-0086-ffff-ffff00000094/location[39m
[38;5;0m[HTTP][0m [90m{}[39m
[38;5;48m[AndroidUiautomator2Driver@f3e1 (ea47bb35)][0m Driver proxy active, passing request on via HTTP proxy
[38;5;48m[AndroidUiautomator2Driver@f3e1 (ea47bb35)][0m Replacing sessionId 4d3376a2-3ade-47a0-a15e-213c36a68a44 with ea47bb35-5eeb-4209-9f71-00434d241b9c
[38;5;0m[HTTP][0m [37m<-- GET /wd/hub/session/ea47bb35-5eeb-4209-9f71-00434d241b9c/element/00000000-0000-0086-ffff-ffff00000094/location [39m[32m200[39m [90m38 ms - 77[39m
[38;5;0m[HTTP][0m [90m[39m
[38;5;0m[HTTP][0m [37m-->[39m [37mPOST[39m [37m/wd/hub/session/ea47bb35-5eeb-4209-9f71-00434d241b9c/element/00000000-0000-0086-ffff-ffff00000094/click[39m
[38;5;0m[HTTP][0m [90m{"id":"00000000-0000-0086-ffff-ffff00000094"}[39m
[38;5;0m[HTTP][0m [37m<-- POST /wd/hub/session/ea47bb35-5eeb-4209-9f71-00434d241b9c/element/00000000-0000-0086-ffff-ffff00000094/click [39m[32m200[39m [90m845 ms - 14[39m
[38;5;0m[HTTP][0m [90m[39m
[38;5;0m[HTTP][0m [37m-->[39m [37mGET[39m [37m/wd/hub/session/ea47bb35-5eeb-4209-9f71-00434d241b9c/source[39m
[38;5;0m[HTTP][0m [90m{}[39m
[38;5;48m[AndroidUiautomator2Driver@f3e1 (ea47bb35)][0m Driver proxy active, passing request on via HTTP proxy
[38;5;48m[AndroidUiautomator2Driver@f3e1 (ea47bb35)][0m Replacing sessionId 4d3376a2-3ade-47a0-a15e-213c36a68a44 with ea47bb35-5eeb-4209-9f71-00434d241b9c
[38;5;0m[HTTP][0m [37m<-- GET /wd/hub/session/ea47bb35-5eeb-4209-9f71-00434d241b9c/source [39m[32m200[39m [90m118 ms - 7301[39m
[38;5;0m[HTTP][0m [90m[39m
[38;5;0m[HTTP][0m [37m-->[39m [37mGET[39m [37m/wd/hub/session/ea47bb35-5eeb-4209-9f71-00434d241b9c/screenshot[39m
[38;5;0m[HTTP][0m [90m{}[39m
[38;5;0m[HTTP][0m [37m<-- GET /wd/hub/session/ea47bb35-5eeb-4209-9f71-00434d241b9c/screenshot [39m[32m200[39m [90m720 ms - 58304[39m
[38;5;0m[HTTP][0m [90m[39m
[38;5;0m[HTTP][0m [37m-->[39m [37mPOST[39m [37m/wd/hub/session/ea47bb35-5eeb-4209-9f71-00434d241b9c/elements[39m
[38;5;0m[HTTP][0m [90m{"using":"xpath","value":"//*[@class = 'android.widget.EditText' and @resource-id = 'android:id/edit' and (@text = '' or . = '')]"}[39m
[38;5;0m[HTTP][0m [37m<-- POST /wd/hub/session/ea47bb35-5eeb-4209-9f71-00434d241b9c/elements [39m[32m200[39m [90m173 ms - 139[39m
[38;5;0m[HTTP][0m [90m[39m
[38;5;0m[HTTP][0m [37m-->[39m [37mGET[39m [37m/wd/hub/session/ea47bb35-5eeb-4209-9f71-00434d241b9c/window/rect[39m
[38;5;0m[HTTP][0m [90m{}[39m
[38;5;0m[HTTP][0m [37m<-- GET /wd/hub/session/ea47bb35-5eeb-4209-9f71-00434d241b9c/window/rect [39m[32m200[39m [90m30 ms - 49[39m
[38;5;0m[HTTP][0m [90m[39m
[38;5;0m[HTTP][0m [37m-->[39m [37mPOST[39m [37m/wd/hub/session/ea47bb35-5eeb-4209-9f71-00434d241b9c/elements[39m
[38;5;0m[HTTP][0m [90m{"using":"xpath","value":"//*[@class = 'android.widget.EditText' and @resource-id = 'android:id/edit' and (@text = '' or . = '')]"}[39m
[38;5;0m[HTTP][0m [37m<-- POST /wd/hub/session/ea47bb35-5eeb-4209-9f71-00434d241b9c/elements [39m[32m200[39m [90m30601 ms - 139[39m
[38;5;0m[HTTP][0m [90m[39m
[38;5;0m[HTTP][0m [37m-->[39m [37mGET[39m [37m/wd/hub/session/ea47bb35-5eeb-4209-9f71-00434d241b9c/element/00000000-0000-0087-ffff-ffff000000ab/location[39m
[38;5;0m[HTTP][0m [90m{}[39m
[38;5;48m[AndroidUiautomator2Driver@f3e1 (ea47bb35)][0m Driver proxy active, passing request on via HTTP proxy
[38;5;48m[AndroidUiautomator2Driver@f3e1 (ea47bb35)][0m Replacing sessionId 4d3376a2-3ade-47a0-a15e-213c36a68a44 with ea47bb35-5eeb-4209-9f71-00434d241b9c
[38;5;0m[HTTP][0m [37m<-- GET /wd/hub/session/ea47bb35-5eeb-4209-9f71-00434d241b9c/element/00000000-0000-0087-ffff-ffff000000ab/location [39m[32m200[39m [90m404 ms - 77[39m
[38;5;0m[HTTP][0m [90m[39m
[38;5;0m[HTTP][0m [37m-->[39m [37mPOST[39m [37m/wd/hub/session/ea47bb35-5eeb-4209-9f71-00434d241b9c/element/00000000-0000-0087-ffff-ffff000000ab/clear[39m
[38;5;0m[HTTP][0m [90m{"id":"00000000-0000-0087-ffff-ffff000000ab"}[39m
[38;5;0m[HTTP][0m [37m<-- POST /wd/hub/session/ea47bb35-5eeb-4209-9f71-00434d241b9c/element/00000000-0000-0087-ffff-ffff000000ab/clear [39m[32m200[39m [90m63 ms - 14[39m
[38;5;0m[HTTP][0m [90m[39m
[38;5;0m[HTTP][0m [37m-->[39m [37mPOST[39m [37m/wd/hub/session/ea47bb35-5eeb-4209-9f71-00434d241b9c/element/00000000-0000-0087-ffff-ffff000000ab/click[39m
[38;5;0m[HTTP][0m [90m{"id":"00000000-0000-0087-ffff-ffff000000ab"}[39m
[38;5;0m[HTTP][0m [37m<-- POST /wd/hub/session/ea47bb35-5eeb-4209-9f71-00434d241b9c/element/00000000-0000-0087-ffff-ffff000000ab/click [39m[32m200[39m [90m365 ms - 14[39m
[38;5;0m[HTTP][0m [90m[39m
[38;5;0m[HTTP][0m [37m-->[39m [37mPOST[39m [37m/wd/hub/session/ea47bb35-5eeb-4209-9f71-00434d241b9c/element/00000000-0000-0087-ffff-ffff000000ab/value[39m
[38;5;0m[HTTP][0m [90m{"id":"00000000-0000-0087-ffff-ffff000000ab","text":"daffa anantha","value":["d","a","f","f","a"," ","a","n","a","n","t","h","a"]}[39m
[38;5;0m[HTTP][0m [37m<-- POST /wd/hub/session/ea47bb35-5eeb-4209-9f71-00434d241b9c/element/00000000-0000-0087-ffff-ffff000000ab/value [39m[32m200[39m [90m548 ms - 14[39m
[38;5;0m[HTTP][0m [90m[39m
[38;5;0m[HTTP][0m [37m-->[39m [37mGET[39m [37m/wd/hub/session/ea47bb35-5eeb-4209-9f71-00434d241b9c/source[39m
[38;5;0m[HTTP][0m [90m{}[39m
[38;5;48m[AndroidUiautomator2Driver@f3e1 (ea47bb35)][0m Driver proxy active, passing request on via HTTP proxy
[38;5;48m[AndroidUiautomator2Driver@f3e1 (ea47bb35)][0m Replacing sessionId 4d3376a2-3ade-47a0-a15e-213c36a68a44 with ea47bb35-5eeb-4209-9f71-00434d241b9c
[38;5;0m[HTTP][0m [37m<-- GET /wd/hub/session/ea47bb35-5eeb-4209-9f71-00434d241b9c/source [39m[32m200[39m [90m127 ms - 7312[39m
[38;5;0m[HTTP][0m [90m[39m
[38;5;0m[HTTP][0m [37m-->[39m [37mGET[39m [37m/wd/hub/session/ea47bb35-5eeb-4209-9f71-00434d241b9c/screenshot[39m
[38;5;0m[HTTP][0m [90m{}[39m
[38;5;0m[HTTP][0m [37m<-- GET /wd/hub/session/ea47bb35-5eeb-4209-9f71-00434d241b9c/screenshot [39m[32m200[39m [90m617 ms - 120280[39m
[38;5;0m[HTTP][0m [90m[39m
[38;5;0m[HTTP][0m [37m-->[39m [37mDELETE[39m [37m/wd/hub/session/ea47bb35-5eeb-4209-9f71-00434d241b9c[39m
[38;5;0m[HTTP][0m [90m{}[39m
[38;5;16m[AppiumDriver@2069][0m Removing session ea47bb35-5eeb-4209-9f71-00434d241b9c from our master session list
[38;5;48m[AndroidUiautomator2Driver@f3e1 (ea47bb35)][0m Restoring hidden api policy to the device default configuration
[38;5;0m[HTTP][0m [37m<-- DELETE /wd/hub/session/ea47bb35-5eeb-4209-9f71-00434d241b9c [39m[32m200[39m [90m819 ms - 14[39m
[38;5;0m[HTTP][0m [90m[39m
